<?xml version="1.0" encoding="UTF-8"?>
<testsuite xmlns:xsi="http://www.w3.org/2001/XMLSchema-instance" xsi:noNamespaceSchemaLocation="https://maven.apache.org/surefire/maven-surefire-plugin/xsd/surefire-test-report.xsd" name="TestSuite" time="23.785" tests="1" errors="0" skipped="0" failures="0">
  <properties>
    <property name="java.runtime.name" value="Java(TM) SE Runtime Environment"/>
    <property name="sun.boot.library.path" value="C:\Program Files\Java\jre1.8.0_74\bin"/>
    <property name="java.vm.version" value="25.74-b02"/>
    <property name="java.vm.vendor" value="Oracle Corporation"/>
    <property name="maven.multiModuleProjectDirectory" value="C:\Users\Gihan\chaya\MavenProject"/>
    <property name="java.vendor.url" value="http://java.oracle.com/"/>
    <property name="path.separator" value=";"/>
    <property name="guice.disable.misplaced.annotation.check" value="true"/>
    <property name="java.vm.name" value="Java HotSpot(TM) 64-Bit Server VM"/>
    <property name="file.encoding.pkg" value="sun.io"/>
    <property name="user.script" value=""/>
    <property name="user.country" value="GB"/>
    <property name="sun.java.launcher" value="SUN_STANDARD"/>
    <property name="sun.os.patch.level" value=""/>
    <property name="java.vm.specification.name" value="Java Virtual Machine Specification"/>
    <property name="user.dir" value="C:\Users\Gihan\chaya\MavenProject"/>
    <property name="java.runtime.version" value="1.8.0_74-b02"/>
    <property name="java.awt.graphicsenv" value="sun.awt.Win32GraphicsEnvironment"/>
    <property name="java.endorsed.dirs" value="C:\Program Files\Java\jre1.8.0_74\lib\endorsed"/>
    <property name="os.arch" value="amd64"/>
    <property name="java.io.tmpdir" value="C:\Users\Gihan\AppData\Local\Temp\"/>
    <property name="line.separator" value="&#10;"/>
    <property name="java.vm.specification.vendor" value="Oracle Corporation"/>
    <property name="user.variant" value=""/>
    <property name="os.name" value="Windows 10"/>
    <property name="classworlds.conf" value="C:\Users\Gihan\chaya\.metadata\.plugins\org.eclipse.m2e.launching\launches\m2conf6093330787632297541.tmp"/>
    <property name="sun.jnu.encoding" value="Cp1252"/>
    <property name="java.library.path" value="C:\Program Files\Java\jre1.8.0_74\bin;C:\WINDOWS\Sun\Java\bin;C:\WINDOWS\system32;C:\WINDOWS;C:/Program Files/Java/jre1.8.0_74/bin/server;C:/Program Files/Java/jre1.8.0_74/bin;C:/Program Files/Java/jre1.8.0_74/lib/amd64;C:\Program Files\Docker\Docker\Resources\bin;C:\Program Files (x86)\Common Files\ArcSoft\Bin;C:\Program Files (x86)\Common Files\NetSarang;C:\ProgramData\Oracle\Java\javapath;C:\Program Files (x86)\NVIDIA Corporation\PhysX\Common;C:\Program Files (x86)\Intel\iCLS Client\;C:\Program Files\Intel\iCLS Client\;C:\WINDOWS\system32;C:\WINDOWS;C:\WINDOWS\System32\Wbem;C:\WINDOWS\System32\WindowsPowerShell\v1.0\;C:\Program Files\Intel\Intel(R) Management Engine Components\DAL;C:\Program Files (x86)\Intel\Intel(R) Management Engine Components\DAL;C:\Program Files\Intel\Intel(R) Management Engine Components\IPT;C:\Program Files (x86)\Intel\Intel(R) Management Engine Components\IPT;C:\Program Files (x86)\CodeBlocks\MinGW\bin;C:\Program Files (x86)\GtkSharp\2.12\bin;C:\MinGW\msys\1.0\bin;C:\Program Files (x86)\Skype\Phone\;C:\Program Files\Git\cmd;C:\Program Files\nodejs\;C:\Program Files\OpenVPN\bin;C:\Users\Gihan\AppData\Local\Android\sdk;C:\Users\Gihan\AppData\Local\Android\sdk\platform-tools;C:\Program Files (x86)\Google\google_appengine\;C:\Users\Gihan\AppData\Local\Programs\Python\Python35-32\Scripts;C:\Users\Gihan\AppData\Local\Programs\Python\Python35-32\;C:\Users\Gihan\AppData\Local\Microsoft\WindowsApps;C:\Users\Gihan\AppData\Local\GitHubDesktop\bin;C:\Users\Gihan\chaya\Ustock\bin;C:\Users\Gihan\chaya\Ustock\lib;C:\Users\Gihan\AppData\Roaming\npm;C:\Program Files\Microsoft VS Code\bin;C:\apache-ant-1.9.10\bin;C:\Program Files\Java\jdk1.8.0_45\bin;C:\Users\Gihan\AppData\Local\Android\sdk\tools;C:\Users\Gihan\AppData\Local\Android\sdk\platform-tools;C:\gradle-4.5.1\bin;C:\Program Files (x86)\apache-maven-3.5.2\bin;C:\Program Files (x86)\GitExtensions\;C:\Program Files (x86)\Google\google_appengine\;C:\Users\Gihan\AppData\Local\Programs\Python\Python35-32\Scripts;C:\Users\Gihan\AppData\Local\Programs\Python\Python35-32\;C:\Users\Gihan\AppData\Local\Microsoft\WindowsApps;C:\Users\Gihan\chaya\Ustock\bin;C:\Users\Gihan\chaya\Ustock\lib;C:\Users\Gihan\AppData\Roaming\npm;C:\Users\Gihan\AppData\Local\GitHubDesktop\bin;C:\Users\Gihan\Desktop;;."/>
    <property name="java.specification.name" value="Java Platform API Specification"/>
    <property name="java.class.version" value="52.0"/>
    <property name="sun.management.compiler" value="HotSpot 64-Bit Tiered Compilers"/>
    <property name="os.version" value="10.0"/>
    <property name="user.home" value="C:\Users\Gihan"/>
    <property name="user.timezone" value="Asia/Colombo"/>
    <property name="java.awt.printerjob" value="sun.awt.windows.WPrinterJob"/>
    <property name="java.specification.version" value="1.8"/>
    <property name="file.encoding" value="Cp1252"/>
    <property name="user.name" value="Gihan"/>
    <property name="java.class.path" value="/C:/Users/Gihan/eclipse/jee-neon/eclipse/../../../.p2/pool/plugins/org.eclipse.m2e.maven.runtime_1.7.0.20160603-1931/jars/plexus-classworlds-2.5.2.jar"/>
    <property name="java.vm.specification.version" value="1.8"/>
    <property name="sun.arch.data.model" value="64"/>
    <property name="java.home" value="C:\Program Files\Java\jre1.8.0_74"/>
    <property name="sun.java.command" value="org.codehaus.plexus.classworlds.launcher.Launcher -B test"/>
    <property name="java.specification.vendor" value="Oracle Corporation"/>
    <property name="user.language" value="en"/>
    <property name="awt.toolkit" value="sun.awt.windows.WToolkit"/>
    <property name="java.vm.info" value="mixed mode"/>
    <property name="java.version" value="1.8.0_74"/>
    <property name="java.ext.dirs" value="C:\Program Files\Java\jre1.8.0_74\lib\ext;C:\WINDOWS\Sun\Java\lib\ext"/>
    <property name="sun.boot.class.path" value="C:\Program Files\Java\jre1.8.0_74\lib\resources.jar;C:\Program Files\Java\jre1.8.0_74\lib\rt.jar;C:\Program Files\Java\jre1.8.0_74\lib\sunrsasign.jar;C:\Program Files\Java\jre1.8.0_74\lib\jsse.jar;C:\Program Files\Java\jre1.8.0_74\lib\jce.jar;C:\Program Files\Java\jre1.8.0_74\lib\charsets.jar;C:\Program Files\Java\jre1.8.0_74\lib\jfr.jar;C:\Program Files\Java\jre1.8.0_74\classes"/>
    <property name="java.vendor" value="Oracle Corporation"/>
    <property name="maven.home" value="C:\Users\Gihan\chaya\MavenProject\EMBEDDED"/>
    <property name="file.separator" value="\"/>
    <property name="java.vendor.url.bug" value="http://bugreport.sun.com/bugreport/"/>
    <property name="sun.cpu.endian" value="little"/>
    <property name="sun.io.unicode.encoding" value="UnicodeLittle"/>
    <property name="sun.desktop" value="windows"/>
    <property name="sun.cpu.isalist" value="amd64"/>
  </properties>
  <testcase name="f" classname="com.test.SampleTest" time="17.653"/>
</testsuite>