<?xml version="1.0" encoding="UTF-8"?>
<!-- Generated by org.testng.reporters.JUnitReportReporter -->
<testsuite hostname="Chaya" name="com.test.SampleTest" tests="1" failures="0" timestamp="31 Mar 2018 07:46:58 GMT" time="17.046" errors="0">
  <testcase name="f" time="17.046" classname="com.test.SampleTest"/>
</testsuite>
