<?xml version="1.0" encoding="UTF-8"?>
<!-- Generated by org.testng.reporters.JUnitReportReporter -->
<testsuite hostname="Chaya" name="com.test.SampleTest" tests="1" failures="0" timestamp="31 Mar 2018 07:52:34 GMT" time="17.654" errors="0">
  <testcase name="f" time="17.654" classname="com.test.SampleTest"/>
</testsuite>
